This is pTeX, Version p2.1.11, based on TeX, Version 3.14159 (EUC) (Web2C 7.3.1) (format=platex 2002.4.18)  25 DEC 2002 10:55
**matmul3.c
(matmul3.c.tex
pLaTeX2e <2000/11/03>+0 (based on LaTeX2e <1999/12/01> patch level 1)
(/usr/local/share/texmf/ptex/platex/base/pl209.def
Entering pLaTeX 2.09 compatibility mode.
(/usr/local/share/texmf/tex/latex/base/latex209.def
File: latex209.def 1998/05/13 v0.52 Standard LaTeX file


          Entering LaTeX 2.09 COMPATIBILITY MODE
 *************************************************************
    !!WARNING!!    !!WARNING!!    !!WARNING!!    !!WARNING!!   
 
 This mode attempts to provide an emulation of the LaTeX 2.09
 author environment so that OLD documents can be successfully
 processed. It should NOT be used for NEW documents!
 
 New documents should use Standard LaTeX conventions and start
 with the \documentclass command.
 
 Compatibility mode is UNLIKELY TO WORK with LaTeX 2.09 style
 files that change any internal macros, especially not with
 those that change the FONT SELECTION or OUTPUT ROUTINES.
 
 Therefore such style files MUST BE UPDATED to use
          Current Standard LaTeX: LaTeX2e.
 If you suspect that you may be using such a style file, which
 is probably very, very old by now, then you should attempt to
 get it updated by sending a copy of this error message to the
 author of that file.
 *************************************************************

\footheight=\dimen118
\@maxsep=\dimen119
\@dblmaxsep=\dimen120
\@cla=\count81
\@clb=\count82
\mscount=\count83
(/usr/local/share/texmf/tex/latex/base/tracefnt.sty
Package: tracefnt 1997/05/29 v3.0j Standard LaTeX package (font tracing)
\tracingfonts=\count84
LaTeX Info: Redefining \selectfont on input line 96.
)
\symbold=\mathgroup4
\symsans=\mathgroup5
\symtypewriter=\mathgroup6
\symitalic=\mathgroup7
\symsmallcaps=\mathgroup8
\symslanted=\mathgroup9
LaTeX Font Info:    Redeclaring math alphabet \mathbf on input line 288.
LaTeX Font Info:    Redeclaring math alphabet \mathsf on input line 289.
LaTeX Font Info:    Redeclaring math alphabet \mathtt on input line 290.
LaTeX Font Info:    Redeclaring math alphabet \mathit on input line 296.
LaTeX Info: Redefining \em on input line 306.

(/usr/local/share/texmf/tex/latex/base/latexsym.sty
Package: latexsym 1998/08/17 v2.2e Standard LaTeX package (lasy symbols)
\symlasy=\mathgroup10
LaTeX Font Info:    Overwriting symbol font `lasy' in version `bold'
(Font)                  U/lasy/m/n --> U/lasy/b/n on input line 42.
)
LaTeX Font Info:    Redeclaring math delimiter \lgroup on input line 370.
LaTeX Font Info:    Redeclaring math delimiter \rgroup on input line 372.
LaTeX Font Info:    Redeclaring math delimiter \bracevert on input line 374.

(/usr/local/share/texmf/tex/latex/config/latex209.cfg)
(/usr/local/share/texmf/tex/latex/tools/rawfonts.sty
Package: rawfonts 1994/05/08 Low-level LaTeX 2.09 font compatibility

(/usr/local/share/texmf/tex/latex/tools/somedefs.sty
Package: somedefs 1994/06/01 Toolkit for optional definitions
)
LaTeX Font Info:    Try loading font information for U+lasy on input line 44.

(/usr/local/share/texmf/tex/latex/base/ulasy.fd
File: ulasy.fd 1998/08/17 v2.2eLaTeX symbol font definitions
)))
(/usr/local/share/texmf/ptex/platex/base/ptrace.sty
LaTeX Info: Redefining \selectfont on input line 40.
\adjust@box=\box41
\adjust@dimen=\dimen121
)
\symmincho=\mathgroup11
\symgothic=\mathgroup12
LaTeX Font Info:    Overwriting symbol font `mincho' in version `bold'
(Font)                  JY1/mc/m/n --> JY1/gt/m/n on input line 59.
LaTeX Info: Redefining \bf on input line 73.
LaTeX Info: Redefining \rm on input line 80.
LaTeX Info: Redefining \sf on input line 81.
LaTeX Info: Redefining \sl on input line 82.
LaTeX Info: Redefining \sc on input line 83.
LaTeX Info: Redefining \it on input line 84.
LaTeX Info: Redefining \tt on input line 85.
LaTeX Info: Redefining \em on input line 86.
)
(/usr/local/share/texmf/ptex/platex/base/jarticle.cls
Document Class: jarticle 1999/05/18 v1.1q Standard pLaTeX class
\c@@paper=\count85
(/usr/local/share/texmf/ptex/platex/base/jsize10.clo
File: jsize10.clo 1999/05/18 v1.1q Standard pLaTeX file (size option)
)
\c@part=\count86
\c@section=\count87
\c@subsection=\count88
\c@subsubsection=\count89
\c@paragraph=\count90
\c@subparagraph=\count91
\c@figure=\count92
\c@table=\count93
\abovecaptionskip=\skip41
\belowcaptionskip=\skip42
LaTeX Font Info:    Redeclaring symbol font `mincho' on input line 594.
LaTeX Font Info:    Overwriting symbol font `mincho' in version `normal'
(Font)                  JY1/mc/m/n --> JY1/mc/m/n on input line 594.
LaTeX Font Info:    Overwriting symbol font `mincho' in version `bold'
(Font)                  JY1/gt/m/n --> JY1/mc/m/n on input line 594.
LaTeX Font Info:    Redeclaring math alphabet \mathmc on input line 595.
LaTeX Font Info:    Overwriting symbol font `mincho' in version `bold'
(Font)                  JY1/mc/m/n --> JY1/gt/m/n on input line 596.
LaTeX Font Info:    Redeclaring math alphabet \mathgt on input line 597.
LaTeX Info: Redefining \mathrm on input line 598.
LaTeX Info: Redefining \mathbf on input line 599.
Compatibility mode: definition of \mc ignored.
Compatibility mode: definition of \gt ignored.
Compatibility mode: definition of \rm ignored.
Compatibility mode: definition of \sf ignored.
Compatibility mode: definition of \tt ignored.
Compatibility mode: definition of \bf ignored.
Compatibility mode: definition of \it ignored.
Compatibility mode: definition of \sl ignored.
Compatibility mode: definition of \sc ignored.
LaTeX Info: Redefining \cal on input line 620.
LaTeX Info: Redefining \mit on input line 621.
\toclineskip=\dimen122
\@lnumwidth=\dimen123
\bibindent=\dimen124
\heisei=\count94
) (matmul3.c.aux)
\openout1 = `matmul3.c.aux'.

LaTeX Font Info:    Checking defaults for OML/cmm/m/it on input line 2.
LaTeX Font Info:    ... okay on input line 2.
LaTeX Font Info:    Checking defaults for T1/cmr/m/n on input line 2.
LaTeX Font Info:    ... okay on input line 2.
LaTeX Font Info:    Checking defaults for OT1/cmr/m/n on input line 2.
LaTeX Font Info:    ... okay on input line 2.
LaTeX Font Info:    Checking defaults for OMS/cmsy/m/n on input line 2.
LaTeX Font Info:    ... okay on input line 2.
LaTeX Font Info:    Checking defaults for OMX/cmex/m/n on input line 2.
LaTeX Font Info:    ... okay on input line 2.
LaTeX Font Info:    Checking defaults for U/cmr/m/n on input line 2.
LaTeX Font Info:    ... okay on input line 2.
LaTeX Font Info:    Checking defaults for JY1/mc/m/n on input line 2.
LaTeX Font Info:    ... okay on input line 2.
LaTeX Font Info:    Checking defaults for JT1/mc/m/n on input line 2.
LaTeX Font Info:    ... okay on input line 2.

Overfull \hbox (8.99707pt too wide) in paragraph at lines 42--42
[]  \OT1/cmtt/m/n/10 mat             a = {{1, 2}, {3, 4}}, b = {{5, 6}, {7, 8}}
, c;[] 
 []


Overfull \hbox (14.24702pt too wide) in paragraph at lines 42--42
[]  \OT1/cmtt/m/n/10 printf("a:%d %d %d %d \n", a[0][0], a[0][1], a[1][0], a[1]
[1]);[] 
 []


Overfull \hbox (14.24702pt too wide) in paragraph at lines 42--42
[]  \OT1/cmtt/m/n/10 printf("b:%d %d %d %d \n", b[0][0], b[0][1], b[1][0], b[1]
[1]);[] 
 []


Overfull \hbox (14.24702pt too wide) in paragraph at lines 42--42
[]  \OT1/cmtt/m/n/10 printf("c:%d %d %d %d \n", c[0][0], c[0][1], c[1][0], c[1]
[1]);[] 
 []

[1

] (matmul3.c.aux) ) 
Here is how much of TeX's memory you used:
 533 strings out of 10655
 5546 string characters out of 69079
 53349 words of memory out of 263001
 3661 multiletter control sequences out of 10000+0
 22699 words of font info for 88 fonts, out of 400000 for 1000
 14 hyphenation exceptions out of 1000
 27i,4n,22p,274b,210s stack positions out of 300i,100n,500p,50000b,4000s

Output written on matmul3.c.dvi (1 page, 1216 bytes).
