This is pTeXk, Version 3.141592-p3.1.10 (euc) (Web2C 7.5.4) (format=platex 2009.3.15)  12 JAN 2010 18:11
 %&-line parsing enabled.
**result.tex
(./result.tex
pLaTeX2e <2006/11/10>+0 (based on LaTeX2e <2005/12/01> patch level 0)
(/usr/share/texmf-texlive/tex/latex/base/article.cls
Document Class: article 2005/09/16 v1.4f Standard LaTeX document class
(/usr/share/texmf-texlive/tex/latex/base/size10.clo
File: size10.clo 2005/09/16 v1.4f Standard LaTeX file (size option)
)
\c@part=\count81
\c@section=\count82
\c@subsection=\count83
\c@subsubsection=\count84
\c@paragraph=\count85
\c@subparagraph=\count86
\c@figure=\count87
\c@table=\count88
\abovecaptionskip=\skip41
\belowcaptionskip=\skip42
\bibindent=\dimen118
) (./result.aux)
\openout1 = `result.aux'.

LaTeX Font Info:    Checking defaults for OML/cmm/m/it on input line 5.
LaTeX Font Info:    ... okay on input line 5.
LaTeX Font Info:    Checking defaults for T1/cmr/m/n on input line 5.
LaTeX Font Info:    ... okay on input line 5.
LaTeX Font Info:    Checking defaults for OT1/cmr/m/n on input line 5.
LaTeX Font Info:    ... okay on input line 5.
LaTeX Font Info:    Checking defaults for OMS/cmsy/m/n on input line 5.
LaTeX Font Info:    ... okay on input line 5.
LaTeX Font Info:    Checking defaults for OMX/cmex/m/n on input line 5.
LaTeX Font Info:    ... okay on input line 5.
LaTeX Font Info:    Checking defaults for U/cmr/m/n on input line 5.
LaTeX Font Info:    ... okay on input line 5.
LaTeX Font Info:    Checking defaults for JY1/mc/m/n on input line 5.
LaTeX Font Info:    ... okay on input line 5.
LaTeX Font Info:    Checking defaults for JT1/mc/m/n on input line 5.
LaTeX Font Info:    ... okay on input line 5.
LaTeX Font Info:    External font `cmex10' loaded for size
(Font)              <7> on input line 8.
LaTeX Font Info:    External font `cmex10' loaded for size
(Font)              <5> on input line 8.

Overfull \hbox (194.10675pt too wide) in paragraph at lines 7--42
[][] 
 []


Overfull \hbox (194.10675pt too wide) in paragraph at lines 44--79
[][] 
 []


Overfull \hbox (194.10675pt too wide) in paragraph at lines 82--117
[][] 
 []

[1

]
Overfull \hbox (194.10675pt too wide) in paragraph at lines 119--154
[][] 
 []

[2] (./result.aux) ) 
Here is how much of TeX's memory you used:
 201 strings out of 95531
 2066 string characters out of 1191153
 84401 words of memory out of 1500000
 3446 multiletter control sequences out of 10000+50000
 7511 words of font info for 31 fonts, out of 1200000 for 2000
 14 hyphenation exceptions out of 8191
 22i,7n,17p,163b,242s stack positions out of 5000i,500n,6000p,200000b,5000s

Output written on result.dvi (2 pages, 29660 bytes).
