This is pTeX, Version 3.141592-p3.1.10 (sjis) (Web2C 7.5.4) (format=platex 2009.7.7)  17 JUL 2009 22:19
**result.tex
(./result.tex
pLaTeX2e <2006/11/10>+0 (based on LaTeX2e <2003/12/01> patch level 0)
(/usr/local/teTeX/share/texmf-dist/tex/latex/base/article.cls
Document Class: article 2004/02/16 v1.4f Standard LaTeX document class
(/usr/local/teTeX/share/texmf-dist/tex/latex/base/size10.clo
File: size10.clo 2004/02/16 v1.4f Standard LaTeX file (size option)
)
\c@part=\count81
\c@section=\count82
\c@subsection=\count83
\c@subsubsection=\count84
\c@paragraph=\count85
\c@subparagraph=\count86
\c@figure=\count87
\c@table=\count88
\abovecaptionskip=\skip41
\belowcaptionskip=\skip42
\bibindent=\dimen118
) (./result.aux)
\openout1 = `result.aux'.

LaTeX Font Info:    Checking defaults for OML/cmm/m/it on input line 5.
LaTeX Font Info:    ... okay on input line 5.
LaTeX Font Info:    Checking defaults for T1/cmr/m/n on input line 5.
LaTeX Font Info:    ... okay on input line 5.
LaTeX Font Info:    Checking defaults for OT1/cmr/m/n on input line 5.
LaTeX Font Info:    ... okay on input line 5.
LaTeX Font Info:    Checking defaults for OMS/cmsy/m/n on input line 5.
LaTeX Font Info:    ... okay on input line 5.
LaTeX Font Info:    Checking defaults for OMX/cmex/m/n on input line 5.
LaTeX Font Info:    ... okay on input line 5.
LaTeX Font Info:    Checking defaults for U/cmr/m/n on input line 5.
LaTeX Font Info:    ... okay on input line 5.
LaTeX Font Info:    Checking defaults for JY1/mc/m/n on input line 5.
LaTeX Font Info:    ... okay on input line 5.
LaTeX Font Info:    Checking defaults for JT1/mc/m/n on input line 5.
LaTeX Font Info:    ... okay on input line 5.
LaTeX Font Info:    External font `cmex10' loaded for size
(Font)              <7> on input line 8.
LaTeX Font Info:    External font `cmex10' loaded for size
(Font)              <5> on input line 8.

Overfull \hbox (15.5897pt too wide) in paragraph at lines 7--23
[][] 
 []


Overfull \hbox (20.58972pt too wide) in paragraph at lines 24--40
[][] 
 []


Overfull \hbox (25.58974pt too wide) in paragraph at lines 41--57
[][] 
 []


Overfull \hbox (25.58974pt too wide) in paragraph at lines 58--74
[][] 
 []

[1

] [2] (./result.aux) ) 
Here is how much of TeX's memory you used:
 201 strings out of 94682
 2102 string characters out of 1176943
 71184 words of memory out of 1500000
 3573 multiletter control sequences out of 10000+50000
 7511 words of font info for 31 fonts, out of 1200000 for 2000
 566 hyphenation exceptions out of 8191
 22i,7n,17p,126b,242s stack positions out of 5000i,500n,6000p,200000b,5000s

Output written on result.dvi (2 pages, 12400 bytes).
