This is pTeXk, Version 3.1415926-p3.1.10 (sjis) (Web2C 7.5.7) (format=platex 2009.3.11)  27 MAR 2010 15:52
 restricted \write18 enabled.
 %&-line parsing enabled.
**speedup.tex
(./speedup.tex
pLaTeX2e <2006/11/10>+0 (based on LaTeX2e <2005/12/01> patch level 0)
Babel <v3.8l> and hyphenation patterns for english, usenglishmax, ukenglish, ba
sque, bulgarian, coptic, welsh, czech, slovak, german, ngerman, danish, esperan
to, spanish, catalan, galician, estonian, farsi, finnish, french, irish, greek,
 monogreek, ancientgreek, croatian, hungarian, interlingua, ibycus, bahasa, ice
landic, italian, latin, mongolian, dutch, norsk, polish, portuguese, pinyin, ro
manian, russian, slovenian, samin, uppersorbian, serbian, swedish, turkish, ukr
ainian, dumylang, nohyphenation, loaded.
(c:/tex/share/texmf/tex/latex/base/article.cls
Document Class: article 2005/09/16 v1.4f Standard LaTeX document class
(c:/tex/share/texmf/tex/latex/base/size10.clo
File: size10.clo 2005/09/16 v1.4f Standard LaTeX file (size option)
)
\c@part=\count81
\c@section=\count82
\c@subsection=\count83
\c@subsubsection=\count84
\c@paragraph=\count85
\c@subparagraph=\count86
\c@figure=\count87
\c@table=\count88
\abovecaptionskip=\skip41
\belowcaptionskip=\skip42
\bibindent=\dimen118
) (./speedup.aux)
\openout1 = `speedup.aux'.

LaTeX Font Info:    Checking defaults for OML/cmm/m/it on input line 5.
LaTeX Font Info:    ... okay on input line 5.
LaTeX Font Info:    Checking defaults for T1/cmr/m/n on input line 5.
LaTeX Font Info:    ... okay on input line 5.
LaTeX Font Info:    Checking defaults for OT1/cmr/m/n on input line 5.
LaTeX Font Info:    ... okay on input line 5.
LaTeX Font Info:    Checking defaults for OMS/cmsy/m/n on input line 5.
LaTeX Font Info:    ... okay on input line 5.
LaTeX Font Info:    Checking defaults for OMX/cmex/m/n on input line 5.
LaTeX Font Info:    ... okay on input line 5.
LaTeX Font Info:    Checking defaults for U/cmr/m/n on input line 5.
LaTeX Font Info:    ... okay on input line 5.
LaTeX Font Info:    Checking defaults for JY1/mc/m/n on input line 5.
LaTeX Font Info:    ... okay on input line 5.
LaTeX Font Info:    Checking defaults for JT1/mc/m/n on input line 5.
LaTeX Font Info:    ... okay on input line 5.
LaTeX Font Info:    External font `cmex10' loaded for size
(Font)              <7> on input line 9.
LaTeX Font Info:    External font `cmex10' loaded for size
(Font)              <5> on input line 9.

Overfull \hbox (73.61758pt too wide) in paragraph at lines 8--37
[][] 
 []

[1

]
Overfull \hbox (73.61758pt too wide) in paragraph at lines 40--69
[][] 
 []

[2]
Overfull \hbox (83.61761pt too wide) in paragraph at lines 72--101
[][] 
 []

[3]
Overfull \hbox (85.83984pt too wide) in paragraph at lines 104--133
[][] 
 []

[4] (./speedup.aux) ) 
Here is how much of TeX's memory you used:
 202 strings out of 494371
 2085 string characters out of 1170717
 63068 words of memory out of 1500000
 3640 multiletter control sequences out of 10000+50000
 7511 words of font info for 31 fonts, out of 2000000 for 2000
 678 hyphenation exceptions out of 8191
 22i,7n,17p,123b,242s stack positions out of 3000i,500n,5000p,500000b,5000s

Output written on speedup.dvi (4 pages, 27236 bytes).
