This is pTeXk, Version 3.1415926-p3.1.10 (sjis) (Web2C 7.5.7) (format=platex 2009.3.11)  13 JAN 2010 11:48
 restricted \write18 enabled.
 %&-line parsing enabled.
**speedup.tex
(./speedup.tex
pLaTeX2e <2006/11/10>+0 (based on LaTeX2e <2005/12/01> patch level 0)
Babel <v3.8l> and hyphenation patterns for english, usenglishmax, ukenglish, ba
sque, bulgarian, coptic, welsh, czech, slovak, german, ngerman, danish, esperan
to, spanish, catalan, galician, estonian, farsi, finnish, french, irish, greek,
 monogreek, ancientgreek, croatian, hungarian, interlingua, ibycus, bahasa, ice
landic, italian, latin, mongolian, dutch, norsk, polish, portuguese, pinyin, ro
manian, russian, slovenian, samin, uppersorbian, serbian, swedish, turkish, ukr
ainian, dumylang, nohyphenation, loaded.
(c:/tex/share/texmf/tex/platex/base/jarticle.cls
Document Class: jarticle 2006/06/27 v1.6 Standard pLaTeX class
\c@@paper=\count81
(c:/tex/share/texmf/tex/platex/base/jsize10.clo
File: jsize10.clo 2006/06/27 v1.6 Standard pLaTeX file (size option)
)
\c@part=\count82
\c@section=\count83
\c@subsection=\count84
\c@subsubsection=\count85
\c@paragraph=\count86
\c@subparagraph=\count87
\c@figure=\count88
\c@table=\count89
\abovecaptionskip=\skip41
\belowcaptionskip=\skip42
\symmincho=\mathgroup4
LaTeX Font Info:    Overwriting symbol font `mincho' in version `bold'
(Font)                  JY1/mc/m/n --> JY1/gt/m/n on input line 601.
\toclineskip=\dimen118
\@lnumwidth=\dimen119
\bibindent=\dimen120
\heisei=\count90
) (./speedup.aux)
\openout1 = `speedup.aux'.

LaTeX Font Info:    Checking defaults for OML/cmm/m/it on input line 7.
LaTeX Font Info:    ... okay on input line 7.
LaTeX Font Info:    Checking defaults for T1/cmr/m/n on input line 7.
LaTeX Font Info:    ... okay on input line 7.
LaTeX Font Info:    Checking defaults for OT1/cmr/m/n on input line 7.
LaTeX Font Info:    ... okay on input line 7.
LaTeX Font Info:    Checking defaults for OMS/cmsy/m/n on input line 7.
LaTeX Font Info:    ... okay on input line 7.
LaTeX Font Info:    Checking defaults for OMX/cmex/m/n on input line 7.
LaTeX Font Info:    ... okay on input line 7.
LaTeX Font Info:    Checking defaults for U/cmr/m/n on input line 7.
LaTeX Font Info:    ... okay on input line 7.
LaTeX Font Info:    Checking defaults for JY1/mc/m/n on input line 7.
LaTeX Font Info:    ... okay on input line 7.
LaTeX Font Info:    Checking defaults for JT1/mc/m/n on input line 7.
LaTeX Font Info:    ... okay on input line 7.
LaTeX Font Info:    External font `cmex10' loaded for size
(Font)              <7> on input line 10.
LaTeX Font Info:    External font `cmex10' loaded for size
(Font)              <5> on input line 10.

Overfull \hbox (16.44029pt too wide) in paragraph at lines 9--46
[][] 
 []

[1

]
Overfull \hbox (16.44029pt too wide) in paragraph at lines 49--86
[][] 
 []

[2]
Overfull \hbox (51.4404pt too wide) in paragraph at lines 89--126
[][] 
 []

[3]
Overfull \hbox (16.44029pt too wide) in paragraph at lines 129--166
[][] 
 []

[4] (./speedup.aux) ) 
Here is how much of TeX's memory you used:
 252 strings out of 494371
 2534 string characters out of 1170717
 73810 words of memory out of 1500000
 3690 multiletter control sequences out of 10000+50000
 7511 words of font info for 31 fonts, out of 2000000 for 2000
 678 hyphenation exceptions out of 8191
 22i,7n,19p,149b,242s stack positions out of 3000i,500n,5000p,500000b,5000s

Output written on speedup.dvi (4 pages, 51684 bytes).
